2026-02-02T00:01:29.617-05:00  INFO 32776 --- [spring-boot-trades] [SpringApplicationShutdownHook] j.LocalContainerEntityManagerFactoryBean : Closing JPA EntityManagerFactory for persistence unit 'default'
2026-02-02T00:01:29.626-05:00  INFO 32776 --- [spring-boot-trades] [SpringApplicationShutdownHook] com.zaxxer.hikari.HikariDataSource       : HikariPool-1 - Shutdown initiated...
2026-02-02T00:01:29.627-05:00  INFO 32776 --- [spring-boot-trades] [SpringApplicationShutdownHook] com.zaxxer.hikari.HikariDataSource       : HikariPool-1 - Shutdown completed.
2026-02-02T00:01:33.665-05:00  INFO 33008 --- [spring-boot-trades] [main] com.example.stocks.TradesApplication     : Starting TradesApplication using Java 21.0.9 with PID 33008 (D:\spring-boot-trades\target\classes started by bkadi in D:\spring-boot-trades)
2026-02-02T00:01:33.668-05:00 DEBUG 33008 --- [spring-boot-trades] [main] com.example.stocks.TradesApplication     : Running with Spring Boot v3.2.2, Spring v6.1.3
2026-02-02T00:01:33.668-05:00  INFO 33008 --- [spring-boot-trades] [main] com.example.stocks.TradesApplication     : No active profile set, falling back to 1 default profile: "default"
2026-02-02T00:01:34.428-05:00  INFO 33008 --- [spring-boot-trades] [main] .s.d.r.c.RepositoryConfigurationDelegate : Bootstrapping Spring Data JPA repositories in DEFAULT mode.
2026-02-02T00:01:34.465-05:00  INFO 33008 --- [spring-boot-trades] [main] .s.d.r.c.RepositoryConfigurationDelegate : Finished Spring Data repository scanning in 33 ms. Found 1 JPA repository interface.
2026-02-02T00:01:34.988-05:00  INFO 33008 --- [spring-boot-trades] [main] o.s.b.w.embedded.tomcat.TomcatWebServer  : Tomcat initialized with port 8080 (http)
2026-02-02T00:01:34.997-05:00  INFO 33008 --- [spring-boot-trades] [main] o.apache.catalina.core.StandardService   : Starting service [Tomcat]
2026-02-02T00:01:34.997-05:00  INFO 33008 --- [spring-boot-trades] [main] o.apache.catalina.core.StandardEngine    : Starting Servlet engine: [Apache Tomcat/10.1.18]
2026-02-02T00:01:35.047-05:00  INFO 33008 --- [spring-boot-trades] [main] o.a.c.c.C.[Tomcat].[localhost].[/]       : Initializing Spring embedded WebApplicationContext
2026-02-02T00:01:35.048-05:00  INFO 33008 --- [spring-boot-trades] [main] w.s.c.ServletWebServerApplicationContext : Root WebApplicationContext: initialization completed in 1344 ms
2026-02-02T00:01:35.142-05:00  INFO 33008 --- [spring-boot-trades] [main] com.zaxxer.hikari.HikariDataSource       : HikariPool-1 - Starting...
2026-02-02T00:01:35.302-05:00  INFO 33008 --- [spring-boot-trades] [main] com.zaxxer.hikari.pool.HikariPool        : HikariPool-1 - Added connection conn0: url=jdbc:h2:file:/data/tradesdb user=SA
2026-02-02T00:01:35.303-05:00  INFO 33008 --- [spring-boot-trades] [main] com.zaxxer.hikari.HikariDataSource       : HikariPool-1 - Start completed.
2026-02-02T00:01:35.312-05:00  INFO 33008 --- [spring-boot-trades] [main] o.s.b.a.h2.H2ConsoleAutoConfiguration    : H2 console available at '/h2-console'. Database available at 'jdbc:h2:file:/data/tradesdb'
2026-02-02T00:01:35.379-05:00 DEBUG 33008 --- [spring-boot-trades] [main] c.example.stocks.config.ClientIdFilter   : Filter 'clientIdFilter' configured for use
2026-02-02T00:01:35.443-05:00  INFO 33008 --- [spring-boot-trades] [main] o.hibernate.jpa.internal.util.LogHelper  : HHH000204: Processing PersistenceUnitInfo [name: default]
2026-02-02T00:01:35.478-05:00  INFO 33008 --- [spring-boot-trades] [main] org.hibernate.Version                    : HHH000412: Hibernate ORM core version 6.4.1.Final
2026-02-02T00:01:35.498-05:00  INFO 33008 --- [spring-boot-trades] [main] o.h.c.internal.RegionFactoryInitiator    : HHH000026: Second-level cache disabled
2026-02-02T00:01:35.648-05:00  INFO 33008 --- [spring-boot-trades] [main] o.s.o.j.p.SpringPersistenceUnitInfo      : No LoadTimeWeaver setup: ignoring JPA class transformer
2026-02-02T00:01:36.246-05:00  INFO 33008 --- [spring-boot-trades] [main] o.h.e.t.j.p.i.JtaPlatformInitiator       : HHH000489: No JTA platform available (set 'hibernate.transaction.jta.platform' to enable JTA platform integration)
2026-02-02T00:01:36.278-05:00  INFO 33008 --- [spring-boot-trades] [main] j.LocalContainerEntityManagerFactoryBean : Initialized JPA EntityManagerFactory for persistence unit 'default'
2026-02-02T00:01:36.523-05:00  INFO 33008 --- [spring-boot-trades] [main] o.s.d.j.r.query.QueryEnhancerFactory     : Hibernate is in classpath; If applicable, HQL parser will be used.
2026-02-02T00:01:36.643-05:00  WARN 33008 --- [spring-boot-trades] [main] JpaBaseConfiguration$JpaWebConfiguration : spring.jpa.open-in-view is enabled by default. Therefore, database queries may be performed during view rendering. Explicitly configure spring.jpa.open-in-view to disable this warning
2026-02-02T00:01:36.661-05:00  WARN 33008 --- [spring-boot-trades] [main] .s.s.UserDetailsServiceAutoConfiguration : 

Using generated security password: f03756f6-2379-492e-bd7b-5fb15dfbefc8

This generated password is for development use only. Your security configuration must be updated before running your application in production.

2026-02-02T00:01:36.991-05:00  INFO 33008 --- [spring-boot-trades] [main] o.s.b.a.e.web.EndpointLinksResolver      : Exposing 1 endpoint(s) beneath base path '/actuator'
2026-02-02T00:01:37.039-05:00  INFO 33008 --- [spring-boot-trades] [main] o.s.s.web.DefaultSecurityFilterChain     : Will secure any request with [org.springframework.security.web.session.DisableEncodeUrlFilter@354a1239, org.springframework.security.web.context.request.async.WebAsyncManagerIntegrationFilter@78fcc4ef, org.springframework.security.web.context.SecurityContextHolderFilter@21132086, org.springframework.security.web.header.HeaderWriterFilter@3a22c944, org.springframework.web.filter.CorsFilter@2a12389e, org.springframework.security.web.authentication.logout.LogoutFilter@17224bad, com.example.stocks.config.ClientIdFilter@18483b8b, org.springframework.security.web.savedrequest.RequestCacheAwareFilter@453fcce2, org.springframework.security.web.servletapi.SecurityContextHolderAwareRequestFilter@45dbbb97, org.springframework.security.web.authentication.AnonymousAuthenticationFilter@17287458, org.springframework.security.web.access.ExceptionTranslationFilter@505e483f, org.springframework.security.web.access.intercept.AuthorizationFilter@ab5d5c8]
2026-02-02T00:01:37.440-05:00  INFO 33008 --- [spring-boot-trades] [main] o.s.b.w.embedded.tomcat.TomcatWebServer  : Tomcat started on port 8080 (http) with context path ''
2026-02-02T00:01:37.448-05:00  INFO 33008 --- [spring-boot-trades] [main] com.example.stocks.TradesApplication     : Started TradesApplication in 4.115 seconds (process running for 4.603)
2026-02-02T00:01:37.586-05:00  INFO 33008 --- [spring-boot-trades] [RMI TCP Connection(1)-192.168.1.115] o.a.c.c.C.[Tomcat].[localhost].[/]       : Initializing Spring DispatcherServlet 'dispatcherServlet'
2026-02-02T00:01:37.586-05:00  INFO 33008 --- [spring-boot-trades] [RMI TCP Connection(1)-192.168.1.115] o.s.web.servlet.DispatcherServlet        : Initializing Servlet 'dispatcherServlet'
2026-02-02T00:01:37.588-05:00  INFO 33008 --- [spring-boot-trades] [RMI TCP Connection(1)-192.168.1.115] o.s.web.servlet.DispatcherServlet        : Completed initialization in 2 ms
2026-02-02T00:01:44.566-05:00  INFO 33008 --- [spring-boot-trades] [http-nio-8080-exec-4] o.springdoc.api.AbstractOpenApiResource  : Init duration for springdoc-openapi is: 236 ms
2026-02-02T00:04:31.710-05:00  INFO 33008 --- [spring-boot-trades] [http-nio-8080-exec-3] c.e.s.controller.StockRecordController   : Client ID received in getByStockNative: abc123
2026-02-02T00:04:31.790-05:00 DEBUG 33008 --- [spring-boot-trades] [http-nio-8080-exec-3] org.hibernate.SQL                        : 
    SELECT
        * 
    FROM
        stock_records q 
    WHERE
        q.stock = ? 
    ORDER BY
        q.date DESC
2026-02-02T00:08:42.692-05:00  INFO 33008 --- [spring-boot-trades] [SpringApplicationShutdownHook] j.LocalContainerEntityManagerFactoryBean : Closing JPA EntityManagerFactory for persistence unit 'default'
2026-02-02T00:08:42.694-05:00  INFO 33008 --- [spring-boot-trades] [SpringApplicationShutdownHook] com.zaxxer.hikari.HikariDataSource       : HikariPool-1 - Shutdown initiated...
2026-02-02T00:08:42.695-05:00  INFO 33008 --- [spring-boot-trades] [SpringApplicationShutdownHook] com.zaxxer.hikari.HikariDataSource       : HikariPool-1 - Shutdown completed.
2026-02-02T00:08:47.506-05:00  INFO 37232 --- [spring-boot-trades] [main] com.example.stocks.TradesApplication     : Starting TradesApplication using Java 21.0.9 with PID 37232 (D:\spring-boot-trades\target\classes started by bkadi in D:\spring-boot-trades)
2026-02-02T00:08:47.506-05:00 DEBUG 37232 --- [spring-boot-trades] [main] com.example.stocks.TradesApplication     : Running with Spring Boot v3.2.2, Spring v6.1.3
2026-02-02T00:08:47.507-05:00  INFO 37232 --- [spring-boot-trades] [main] com.example.stocks.TradesApplication     : No active profile set, falling back to 1 default profile: "default"
2026-02-02T00:08:48.295-05:00  INFO 37232 --- [spring-boot-trades] [main] .s.d.r.c.RepositoryConfigurationDelegate : Bootstrapping Spring Data JPA repositories in DEFAULT mode.
2026-02-02T00:08:48.329-05:00  INFO 37232 --- [spring-boot-trades] [main] .s.d.r.c.RepositoryConfigurationDelegate : Finished Spring Data repository scanning in 29 ms. Found 1 JPA repository interface.
2026-02-02T00:08:48.850-05:00  INFO 37232 --- [spring-boot-trades] [main] o.s.b.w.embedded.tomcat.TomcatWebServer  : Tomcat initialized with port 8080 (http)
2026-02-02T00:08:48.858-05:00  INFO 37232 --- [spring-boot-trades] [main] o.apache.catalina.core.StandardService   : Starting service [Tomcat]
2026-02-02T00:08:48.858-05:00  INFO 37232 --- [spring-boot-trades] [main] o.apache.catalina.core.StandardEngine    : Starting Servlet engine: [Apache Tomcat/10.1.18]
2026-02-02T00:08:48.902-05:00  INFO 37232 --- [spring-boot-trades] [main] o.a.c.c.C.[Tomcat].[localhost].[/]       : Initializing Spring embedded WebApplicationContext
2026-02-02T00:08:48.903-05:00  INFO 37232 --- [spring-boot-trades] [main] w.s.c.ServletWebServerApplicationContext : Root WebApplicationContext: initialization completed in 1357 ms
2026-02-02T00:08:48.995-05:00  INFO 37232 --- [spring-boot-trades] [main] com.zaxxer.hikari.HikariDataSource       : HikariPool-1 - Starting...
2026-02-02T00:08:49.151-05:00  INFO 37232 --- [spring-boot-trades] [main] com.zaxxer.hikari.pool.HikariPool        : HikariPool-1 - Added connection conn0: url=jdbc:h2:file:/data/tradesdb user=SA
2026-02-02T00:08:49.153-05:00  INFO 37232 --- [spring-boot-trades] [main] com.zaxxer.hikari.HikariDataSource       : HikariPool-1 - Start completed.
2026-02-02T00:08:49.161-05:00  INFO 37232 --- [spring-boot-trades] [main] o.s.b.a.h2.H2ConsoleAutoConfiguration    : H2 console available at '/h2-console'. Database available at 'jdbc:h2:file:/data/tradesdb'
2026-02-02T00:08:49.234-05:00 DEBUG 37232 --- [spring-boot-trades] [main] c.example.stocks.config.ClientIdFilter   : Filter 'clientIdFilter' configured for use
2026-02-02T00:08:49.297-05:00  INFO 37232 --- [spring-boot-trades] [main] o.hibernate.jpa.internal.util.LogHelper  : HHH000204: Processing PersistenceUnitInfo [name: default]
2026-02-02T00:08:49.333-05:00  INFO 37232 --- [spring-boot-trades] [main] org.hibernate.Version                    : HHH000412: Hibernate ORM core version 6.4.1.Final
2026-02-02T00:08:49.354-05:00  INFO 37232 --- [spring-boot-trades] [main] o.h.c.internal.RegionFactoryInitiator    : HHH000026: Second-level cache disabled
2026-02-02T00:08:49.504-05:00  INFO 37232 --- [spring-boot-trades] [main] o.s.o.j.p.SpringPersistenceUnitInfo      : No LoadTimeWeaver setup: ignoring JPA class transformer
2026-02-02T00:08:50.216-05:00  INFO 37232 --- [spring-boot-trades] [main] o.h.e.t.j.p.i.JtaPlatformInitiator       : HHH000489: No JTA platform available (set 'hibernate.transaction.jta.platform' to enable JTA platform integration)
2026-02-02T00:08:50.256-05:00  INFO 37232 --- [spring-boot-trades] [main] j.LocalContainerEntityManagerFactoryBean : Initialized JPA EntityManagerFactory for persistence unit 'default'
2026-02-02T00:08:50.530-05:00  INFO 37232 --- [spring-boot-trades] [main] o.s.d.j.r.query.QueryEnhancerFactory     : Hibernate is in classpath; If applicable, HQL parser will be used.
2026-02-02T00:08:50.668-05:00  WARN 37232 --- [spring-boot-trades] [main] JpaBaseConfiguration$JpaWebConfiguration : spring.jpa.open-in-view is enabled by default. Therefore, database queries may be performed during view rendering. Explicitly configure spring.jpa.open-in-view to disable this warning
2026-02-02T00:08:50.690-05:00  WARN 37232 --- [spring-boot-trades] [main] .s.s.UserDetailsServiceAutoConfiguration : 

Using generated security password: eb5cf34d-bef4-4df4-af88-a986e87bc45f

This generated password is for development use only. Your security configuration must be updated before running your application in production.

2026-02-02T00:08:51.059-05:00  INFO 37232 --- [spring-boot-trades] [main] o.s.b.a.e.web.EndpointLinksResolver      : Exposing 1 endpoint(s) beneath base path '/actuator'
2026-02-02T00:08:51.114-05:00  INFO 37232 --- [spring-boot-trades] [main] o.s.s.web.DefaultSecurityFilterChain     : Will secure any request with [org.springframework.security.web.session.DisableEncodeUrlFilter@75b5d09, org.springframework.security.web.context.request.async.WebAsyncManagerIntegrationFilter@1a99d328, org.springframework.security.web.context.SecurityContextHolderFilter@5e18a6a7, org.springframework.security.web.header.HeaderWriterFilter@18ce7872, org.springframework.web.filter.CorsFilter@578cd644, org.springframework.security.web.authentication.logout.LogoutFilter@3695e4f2, com.example.stocks.config.ClientIdFilter@fd4459b, org.springframework.security.web.savedrequest.RequestCacheAwareFilter@34db5935, org.springframework.security.web.servletapi.SecurityContextHolderAwareRequestFilter@545e200b, org.springframework.security.web.authentication.AnonymousAuthenticationFilter@31af3f22, org.springframework.security.web.access.ExceptionTranslationFilter@3fd93330, org.springframework.security.web.access.intercept.AuthorizationFilter@140e003e]
2026-02-02T00:08:51.644-05:00  INFO 37232 --- [spring-boot-trades] [main] o.s.b.w.embedded.tomcat.TomcatWebServer  : Tomcat started on port 8080 (http) with context path ''
2026-02-02T00:08:51.655-05:00  INFO 37232 --- [spring-boot-trades] [main] com.example.stocks.TradesApplication     : Started TradesApplication in 4.507 seconds (process running for 5.035)
2026-02-02T00:08:51.905-05:00  INFO 37232 --- [spring-boot-trades] [RMI TCP Connection(1)-192.168.1.115] o.a.c.c.C.[Tomcat].[localhost].[/]       : Initializing Spring DispatcherServlet 'dispatcherServlet'
2026-02-02T00:08:51.905-05:00  INFO 37232 --- [spring-boot-trades] [RMI TCP Connection(1)-192.168.1.115] o.s.web.servlet.DispatcherServlet        : Initializing Servlet 'dispatcherServlet'
2026-02-02T00:08:51.907-05:00  INFO 37232 --- [spring-boot-trades] [RMI TCP Connection(1)-192.168.1.115] o.s.web.servlet.DispatcherServlet        : Completed initialization in 2 ms
2026-02-02T00:08:56.964-05:00  INFO 37232 --- [spring-boot-trades] [http-nio-8080-exec-6] o.springdoc.api.AbstractOpenApiResource  : Init duration for springdoc-openapi is: 248 ms
2026-02-02T00:09:43.732-05:00  INFO 37232 --- [spring-boot-trades] [http-nio-8080-exec-8] c.e.s.controller.StockRecordController   : Client ID received in addRecord: abc123
2026-02-02T00:09:43.772-05:00 DEBUG 37232 --- [spring-boot-trades] [http-nio-8080-exec-8] org.hibernate.SQL                        : 
    insert 
    into
        stock_records
        (close, date, days_to_next_dividend, high, low, next_weeks_close, next_weeks_open, open, percent_change_next_weeks_price, percent_change_price, percent_change_volume_over_last_wk, percent_return_next_dividend, previous_weeks_volume, quarter, stock, volume, id) 
    values
        (?, ?, ?, ?, ?, ?, ?, ?, ?, ?, ?, ?, ?, ?, ?, ?, default)
2026-02-02T00:11:21.107-05:00  INFO 37232 --- [spring-boot-trades] [SpringApplicationShutdownHook] j.LocalContainerEntityManagerFactoryBean : Closing JPA EntityManagerFactory for persistence unit 'default'
2026-02-02T00:11:21.109-05:00  INFO 37232 --- [spring-boot-trades] [SpringApplicationShutdownHook] com.zaxxer.hikari.HikariDataSource       : HikariPool-1 - Shutdown initiated...
2026-02-02T00:11:21.110-05:00  INFO 37232 --- [spring-boot-trades] [SpringApplicationShutdownHook] com.zaxxer.hikari.HikariDataSource       : HikariPool-1 - Shutdown completed.
